#
# A fatal error has been detected by the Java Runtime Environment:
#
#  SIGSEGV (0xb) at pc=0x00007fa0f0382190, pid=10375, tid=140328761870080
#
# JRE version: Java(TM) SE Runtime Environment (8.0_20-b26) (build 1.8.0_20-b26)
# Java VM: Java HotSpot(TM) 64-Bit Server VM (25.20-b23 mixed mode linux-amd64 compressed oops)
# Problematic frame:
# V  [libjvm.so+0x873190]  Method::checked_resolve_jmethod_id(_jmethodID*)+0x20
#
# Failed to write core dump. Core dumps have been disabled. To enable core dumping, try "ulimit -c unlimited" before starting Java again
#
# If you would like to submit a bug report, please visit:
#   http://bugreport.sun.com/bugreport/crash.jsp
#

---------------  T H R E A D  ---------------

Current thread (0x00007fa0e80ba000):  JavaThread "JDWP Transport Listener: dt_socket" daemon [_thread_in_vm, id=10396, stack(0x00007fa0d5f0c000,0x00007fa0d600d000)]

siginfo: si_signo: 11 (SIGSEGV), si_code: 1 (SEGV_MAPERR), si_addr: 0x00003b656c003b74

Registers:
RAX=0x0000000000000001, RBX=0x00007fa0e80034a0, RCX=0x00007fa0f1489320, RDX=0x00007fa0f0a66fe0
RSP=0x00007fa0d600b690, RBP=0x00007fa0d600b6a0, RSI=0x00007fa0e80ba000, RDI=0x00003b656c003b74
R8 =0x0000000000000000, R9 =0x00007fa0ac007fa0, R10=0x0000000000000010, R11=0x00007fa0f0c19570
R12=0x0000000000000017, R13=0x00003b656c003b74, R14=0x00007fa0e80ba000, R15=0x00007fa0d600b7a7
RIP=0x00007fa0f0382190, EFLAGS=0x0000000000010206, CSGSFS=0x0000000000000033, ERR=0x0000000000000004
  TRAPNO=0x000000000000000e

Top of Stack: (sp=0x00007fa0d600b690)
0x00007fa0d600b690:   0000000000000074 00007fa0e80034a0
0x00007fa0d600b6a0:   00007fa0d600b710 00007fa0f021778e
0x00007fa0d600b6b0:   00007fa0ac007fa0 00007fa0d600b6c0
0x00007fa0d600b6c0:   00007fa0e80ba000 0000000000000000
0x00007fa0d600b6d0:   00007fa000000000 0000000000000000
0x00007fa0d600b6e0:   00007fa0d600b700 00007fa0ef1c5d60
0x00007fa0d600b6f0:   00003b656c003b74 00007fa0d600b7a7
0x00007fa0d600b700:   0000000000000002 00007fa0d600b7a7
0x00007fa0d600b710:   00007fa0d600b740 00007fa0eefb1872
0x00007fa0d600b720:   00007fa0d600b740 00003b656c003b74
0x00007fa0d600b730:   00007fa0d600b810 0000000000000010
0x00007fa0d600b740:   00007fa0d600b7d0 00007fa0eef92a60
0x00007fa0d600b750:   00007fa0d600b788 00007fa0d600b780
0x00007fa0d600b760:   00007fa0d600b778 00007fa0d600b79c
0x00007fa0d600b770:   00000001ac002fa0 0000000000000000
0x00007fa0d600b780:   0000000000000000 0000000000000000
0x00007fa0d600b790:   00007fa0ac003140 00000001d600b810
0x00007fa0d600b7a0:   0000000000000003 0000000000000002
0x00007fa0d600b7b0:   000000000000000f 0000000000000002
0x00007fa0d600b7c0:   00000000000f0200 000000000000000f
0x00007fa0d600b7d0:   00007fa0d600ba20 00007fa0eef9d976
0x00007fa0d600b7e0:   0000382900000013 00007fa0f00f0200
0x00007fa0d600b7f0:   00007fa0a4000ba0 0000000000000000
0x00007fa0d600b800:   00007fa0d600b810 00007fa0d600b9a0
0x00007fa0d600b810:   00007fa0d600b8b7 00007fa0000000d5
0x00007fa0d600b820:   00007fa0d600b828 0000000000000057
0x00007fa0d600b830:   00007fa0d600b860 0000000000000000
0x00007fa0d600b840:   00007f0000000000 000038290000001c
0x00007fa0d600b850:   00007fa00000b980 00007fa0d600b860
0x00007fa0d600b860:   a07f000003000000 0400000040530ee8
0x00007fa0d600b870:   160000006e69616d 2f6176616a4c5b28
0x00007fa0d600b880:   7274532f676e616c 000056293b676e69 

Instructions: (pc=0x00007fa0f0382190)
0x00007fa0f0382170:   55 48 89 e5 53 48 83 ec 08 48 85 ff 75 12 31 db
0x00007fa0f0382180:   48 89 d8 48 83 c4 08 5b c9 c3 66 0f 1f 44 00 00
0x00007fa0f0382190:   48 8b 1f 48 85 db 74 e6 48 83 fb 37 74 e0 48 8b
0x00007fa0f03821a0:   03 48 89 df ff 50 10 84 c0 0f 1f 80 00 00 00 00 

Register to memory mapping:

RAX=0x0000000000000001 is an unknown value
RBX=0x00007fa0e80034a0 is an unknown value
RCX=0x00007fa0f1489320: <offset 0x219320> in /lib/x86_64-linux-gnu/libpthread.so.0 at 0x00007fa0f1270000
RDX=0x00007fa0f0a66fe0: <offset 0xf57fe0> in /usr/lib/jvm/java-8-oracle/jre/lib/amd64/server/libjvm.so at 0x00007fa0efb0f000
RSP=0x00007fa0d600b690 is pointing into the stack for thread: 0x00007fa0e80ba000
RBP=0x00007fa0d600b6a0 is pointing into the stack for thread: 0x00007fa0e80ba000
RSI=0x00007fa0e80ba000 is a thread
RDI=0x00003b656c003b74 is an unknown value
R8 =0x0000000000000000 is an unknown value
R9 =0x00007fa0ac007fa0 is an unknown value
R10=0x0000000000000010 is an unknown value
R11=0x00007fa0f0c19570: <offset 0x188570> in /lib/x86_64-linux-gnu/libc.so.6 at 0x00007fa0f0a91000
R12=0x0000000000000017 is an unknown value
R13=0x00003b656c003b74 is an unknown value
R14=0x00007fa0e80ba000 is a thread
R15=0x00007fa0d600b7a7 is pointing into the stack for thread: 0x00007fa0e80ba000


Stack: [0x00007fa0d5f0c000,0x00007fa0d600d000],  sp=0x00007fa0d600b690,  free space=1021k
Native frames: (J=compiled Java code, j=interpreted, Vv=VM code, C=native code)
V  [libjvm.so+0x873190]  Method::checked_resolve_jmethod_id(_jmethodID*)+0x20
V  [libjvm.so+0x70878e]  jvmti_IsMethodSynthetic+0x29e
C  [libjdwp.so+0x25872]  isMethodSynthetic+0x42
C  [libjdwp.so+0x6a60]  methods1+0x1b0
C  [libjdwp.so+0x11976]  debugLoop_run+0x2b6
C  [libjdwp.so+0x247af]  attachThread+0x2f
V  [libjvm.so+0x7744f2]  JvmtiAgentThread::call_start_function()+0xc2
V  [libjvm.so+0xa2990f]  JavaThread::thread_main_inner()+0xdf
V  [libjvm.so+0xa29a3c]  JavaThread::run()+0x11c
V  [libjvm.so+0x8e75f8]  java_start(Thread*)+0x108
C  [libpthread.so.0+0x8182]  start_thread+0xc2


---------------  P R O C E S S  ---------------

Java Threads: ( => current thread )
  0x00007fa0e80d2000 JavaThread "Service Thread" daemon [_thread_blocked, id=10404, stack(0x00007fa0d5906000,0x00007fa0d5a07000)]
  0x00007fa0e80c4800 JavaThread "C1 CompilerThread2" daemon [_thread_blocked, id=10403, stack(0x00007fa0d5a07000,0x00007fa0d5b08000)]
  0x00007fa0e80c2800 JavaThread "C2 CompilerThread1" daemon [_thread_blocked, id=10402, stack(0x00007fa0d5b08000,0x00007fa0d5c09000)]
  0x00007fa0e80c0000 JavaThread "C2 CompilerThread0" daemon [_thread_blocked, id=10401, stack(0x00007fa0d5c09000,0x00007fa0d5d0a000)]
  0x00007fa0ac001000 JavaThread "JDWP Command Reader" daemon [_thread_in_native, id=10398, stack(0x00007fa0d5d0a000,0x00007fa0d5e0b000)]
  0x00007fa0e80bd800 JavaThread "JDWP Event Helper Thread" daemon [_thread_blocked, id=10397, stack(0x00007fa0d5e0b000,0x00007fa0d5f0c000)]
=>0x00007fa0e80ba000 JavaThread "JDWP Transport Listener: dt_socket" daemon [_thread_in_vm, id=10396, stack(0x00007fa0d5f0c000,0x00007fa0d600d000)]
  0x00007fa0e80ad000 JavaThread "Signal Dispatcher" daemon [_thread_blocked, id=10392, stack(0x00007fa0d6211000,0x00007fa0d6312000)]
  0x00007fa0e807e800 JavaThread "Finalizer" daemon [_thread_blocked, id=10389, stack(0x00007fa0d6312000,0x00007fa0d6413000)]
  0x00007fa0e807c800 JavaThread "Reference Handler" daemon [_thread_blocked, id=10388, stack(0x00007fa0d6413000,0x00007fa0d6514000)]
  0x00007fa0e800c000 JavaThread "main" [_thread_in_native, id=10382, stack(0x00007fa0f1595000,0x00007fa0f1696000)]

Other Threads:
  0x00007fa0e8075800 VMThread [stack: 0x00007fa0d6514000,0x00007fa0d6615000] [id=10387]
  0x00007fa0e80d4800 WatcherThread [stack: 0x00007fa0d5805000,0x00007fa0d5906000] [id=10405]

VM state:not at safepoint (normal execution)

VM Mutex/Monitor currently owned by a thread: None

Heap:
 PSYoungGen      total 18432K, used 1587K [0x00000000eb700000, 0x00000000ecb80000, 0x0000000100000000)
  eden space 15872K, 10% used [0x00000000eb700000,0x00000000eb88ce38,0x00000000ec680000)
  from space 2560K, 0% used [0x00000000ec900000,0x00000000ec900000,0x00000000ecb80000)
  to   space 2560K, 0% used [0x00000000ec680000,0x00000000ec680000,0x00000000ec900000)
 ParOldGen       total 42496K, used 0K [0x00000000c2400000, 0x00000000c4d80000, 0x00000000eb700000)
  object space 42496K, 0% used [0x00000000c2400000,0x00000000c2400000,0x00000000c4d80000)
 Metaspace       used 3285K, capacity 4568K, committed 4864K, reserved 1056768K
  class space    used 372K, capacity 392K, committed 512K, reserved 1048576K

Card table byte_map: [0x00007fa0ed6a1000,0x00007fa0ed890000] byte_map_base: 0x00007fa0ed08f000

Marking Bits: (ParMarkBitMap*) 0x00007fa0f0a66ac0
 Begin Bits: [0x00007fa0d7120000, 0x00007fa0d8090000)
 End Bits:   [0x00007fa0d8090000, 0x00007fa0d9000000)

Polling page: 0x00007fa0f16ad000

CodeCache: size=245760Kb used=1134Kb max_used=1136Kb free=244625Kb
 bounds [0x00007fa0d9000000, 0x00007fa0d9270000, 0x00007fa0e8000000]
 total_blobs=264 nmethods=40 adapters=147
 compilation: enabled

Compilation events (10 events):
Event: 0.177 Thread 0x00007fa0e80c4800 nmethod 37 0x00007fa0d9118190 code [0x00007fa0d91183c0, 0x00007fa0d9118f58]
Event: 0.177 Thread 0x00007fa0e80c4800   36       3       java.util.HashSet::add (20 bytes)
Event: 0.177 Thread 0x00007fa0e80c0000 nmethod 35 0x00007fa0d911c190 code [0x00007fa0d911c2e0, 0x00007fa0d911c3d8]
Event: 0.177 Thread 0x00007fa0e80c4800 nmethod 36 0x00007fa0d911b910 code [0x00007fa0d911baa0, 0x00007fa0d911bfb8]
Event: 0.177 Thread 0x00007fa0e80c4800   38       3       java.lang.String::startsWith (72 bytes)
Event: 0.177 Thread 0x00007fa0e80c4800 nmethod 38 0x00007fa0d911b290 code [0x00007fa0d911b400, 0x00007fa0d911b730]
Event: 0.177 Thread 0x00007fa0e80c4800   39       3       java.lang.String::startsWith (7 bytes)
Event: 0.178 Thread 0x00007fa0e80c4800 nmethod 39 0x00007fa0d911ae50 code [0x00007fa0d911afc0, 0x00007fa0d911b1e8]
Event: 0.180 Thread 0x00007fa0e80c4800   40       3       java.util.Arrays::copyOf (19 bytes)
Event: 0.181 Thread 0x00007fa0e80c4800 nmethod 40 0x00007fa0d911a850 code [0x00007fa0d911a9e0, 0x00007fa0d911ad08]

GC Heap History (0 events):
No events

Deoptimization events (0 events):
No events

Internal exceptions (9 events):
Event: 0.037 Thread 0x00007fa0e800c000 Exception <a 'java/lang/NoSuchMethodError': Method sun.misc.Unsafe.defineClass(Ljava/lang/String;[BII)Ljava/lang/Class; name or signature does not match> (0x00000000eb711c68) thrown at [/HUDSON/workspace/8-2-build-linux-amd64/jdk8u20/1074/hotspot/src/shar
Event: 0.037 Thread 0x00007fa0e800c000 Exception <a 'java/lang/NoSuchMethodError': Method sun.misc.Unsafe.prefetchRead(Ljava/lang/Object;J)V name or signature does not match> (0x00000000eb711ef8) thrown at [/HUDSON/workspace/8-2-build-linux-amd64/jdk8u20/1074/hotspot/src/share/vm/prims/jni.cpp
Event: 0.149 Thread 0x00007fa0e800c000 Exception <a 'java/security/PrivilegedActionException'> (0x00000000eb7f4580) thrown at [/HUDSON/workspace/8-2-build-linux-amd64/jdk8u20/1074/hotspot/src/share/vm/prims/jvm.cpp, line 1275]
Event: 0.168 Thread 0x00007fa0e800c000 Exception <a 'java/security/PrivilegedActionException'> (0x00000000eb81d3b8) thrown at [/HUDSON/workspace/8-2-build-linux-amd64/jdk8u20/1074/hotspot/src/share/vm/prims/jvm.cpp, line 1275]
Event: 0.168 Thread 0x00007fa0e800c000 Exception <a 'java/security/PrivilegedActionException'> (0x00000000eb81d700) thrown at [/HUDSON/workspace/8-2-build-linux-amd64/jdk8u20/1074/hotspot/src/share/vm/prims/jvm.cpp, line 1275]
Event: 0.168 Thread 0x00007fa0e800c000 Exception <a 'java/security/PrivilegedActionException'> (0x00000000eb81fc20) thrown at [/HUDSON/workspace/8-2-build-linux-amd64/jdk8u20/1074/hotspot/src/share/vm/prims/jvm.cpp, line 1275]
Event: 0.168 Thread 0x00007fa0e800c000 Exception <a 'java/security/PrivilegedActionException'> (0x00000000eb81ff68) thrown at [/HUDSON/workspace/8-2-build-linux-amd64/jdk8u20/1074/hotspot/src/share/vm/prims/jvm.cpp, line 1275]
Event: 0.180 Thread 0x00007fa0e800c000 Exception <a 'java/security/PrivilegedActionException'> (0x00000000eb835738) thrown at [/HUDSON/workspace/8-2-build-linux-amd64/jdk8u20/1074/hotspot/src/share/vm/prims/jvm.cpp, line 1275]
Event: 0.180 Thread 0x00007fa0e800c000 Exception <a 'java/security/PrivilegedActionException'> (0x00000000eb836c50) thrown at [/HUDSON/workspace/8-2-build-linux-amd64/jdk8u20/1074/hotspot/src/share/vm/prims/jvm.cpp, line 1275]

Events (10 events):
Event: 2422.164 Executing VM operation: RedefineClasses
Event: 2422.165 Executing VM operation: RedefineClasses done
Event: 2422.188 Executing VM operation: ChangeBreakpoints
Event: 2422.188 Executing VM operation: ChangeBreakpoints done
Event: 2464.550 Executing VM operation: RedefineClasses
Event: 2464.550 Executing VM operation: RedefineClasses done
Event: 2464.553 Executing VM operation: ChangeBreakpoints
Event: 2464.553 Executing VM operation: ChangeBreakpoints done
Event: 2600.178 Executing VM operation: RedefineClasses
Event: 2600.178 Executing VM operation: RedefineClasses done


Dynamic libraries:
00400000-00401000 r-xp 00000000 08:01 3025521                            /usr/lib/jvm/java-8-oracle/bin/java
00600000-00601000 rw-p 00000000 08:01 3025521                            /usr/lib/jvm/java-8-oracle/bin/java
016ce000-016ef000 rw-p 00000000 00:00 0                                  [heap]
c2400000-c4d80000 rw-p 00000000 00:00 0 
c4d80000-eb700000 ---p 00000000 00:00 0 
eb700000-ecb80000 rw-p 00000000 00:00 0 
ecb80000-100000000 ---p 00000000 00:00 0 
100000000-100080000 rw-p 00000000 00:00 0 
100080000-140000000 ---p 00000000 00:00 0 
7fa088000000-7fa088021000 rw-p 00000000 00:00 0 
7fa088021000-7fa08c000000 ---p 00000000 00:00 0 
7fa090000000-7fa090048000 rw-p 00000000 00:00 0 
7fa090048000-7fa094000000 ---p 00000000 00:00 0 
7fa094000000-7fa094021000 rw-p 00000000 00:00 0 
7fa094021000-7fa098000000 ---p 00000000 00:00 0 
7fa098000000-7fa09807e000 rw-p 00000000 00:00 0 
7fa09807e000-7fa09c000000 ---p 00000000 00:00 0 
7fa09c000000-7fa09c021000 rw-p 00000000 00:00 0 
7fa09c021000-7fa0a0000000 ---p 00000000 00:00 0 
7fa0a0000000-7fa0a0021000 rw-p 00000000 00:00 0 
7fa0a0021000-7fa0a4000000 ---p 00000000 00:00 0 
7fa0a4000000-7fa0a4021000 rw-p 00000000 00:00 0 
7fa0a4021000-7fa0a8000000 ---p 00000000 00:00 0 
7fa0a8000000-7fa0a8021000 rw-p 00000000 00:00 0 
7fa0a8021000-7fa0ac000000 ---p 00000000 00:00 0 
7fa0ac000000-7fa0ac032000 rw-p 00000000 00:00 0 
7fa0ac032000-7fa0b0000000 ---p 00000000 00:00 0 
7fa0b0000000-7fa0b0021000 rw-p 00000000 00:00 0 
7fa0b0021000-7fa0b4000000 ---p 00000000 00:00 0 
7fa0b4000000-7fa0b4021000 rw-p 00000000 00:00 0 
7fa0b4021000-7fa0b8000000 ---p 00000000 00:00 0 
7fa0b8000000-7fa0b8021000 rw-p 00000000 00:00 0 
7fa0b8021000-7fa0bc000000 ---p 00000000 00:00 0 
7fa0c0000000-7fa0c0021000 rw-p 00000000 00:00 0 
7fa0c0021000-7fa0c4000000 ---p 00000000 00:00 0 
7fa0c4000000-7fa0c4021000 rw-p 00000000 00:00 0 
7fa0c4021000-7fa0c8000000 ---p 00000000 00:00 0 
7fa0c8000000-7fa0c8021000 rw-p 00000000 00:00 0 
7fa0c8021000-7fa0cc000000 ---p 00000000 00:00 0 
7fa0d0000000-7fa0d0021000 rw-p 00000000 00:00 0 
7fa0d0021000-7fa0d4000000 ---p 00000000 00:00 0 
7fa0d5590000-7fa0d5805000 rw-p 00000000 00:00 0 
7fa0d5805000-7fa0d5806000 ---p 00000000 00:00 0 
7fa0d5806000-7fa0d5906000 rw-p 00000000 00:00 0                          [stack:10405]
7fa0d5906000-7fa0d5909000 ---p 00000000 00:00 0 
7fa0d5909000-7fa0d5a07000 rw-p 00000000 00:00 0                          [stack:10404]
7fa0d5a07000-7fa0d5a0a000 ---p 00000000 00:00 0 
7fa0d5a0a000-7fa0d5b08000 rw-p 00000000 00:00 0                          [stack:10403]
7fa0d5b08000-7fa0d5b0b000 ---p 00000000 00:00 0 
7fa0d5b0b000-7fa0d5c09000 rw-p 00000000 00:00 0                          [stack:10402]
7fa0d5c09000-7fa0d5c0c000 ---p 00000000 00:00 0 
7fa0d5c0c000-7fa0d5d0a000 rw-p 00000000 00:00 0                          [stack:10401]
7fa0d5d0a000-7fa0d5d0d000 ---p 00000000 00:00 0 
7fa0d5d0d000-7fa0d5e0b000 rw-p 00000000 00:00 0                          [stack:10398]
7fa0d5e0b000-7fa0d5e0e000 ---p 00000000 00:00 0 
7fa0d5e0e000-7fa0d5f0c000 rw-p 00000000 00:00 0                          [stack:10397]
7fa0d5f0c000-7fa0d5f0f000 ---p 00000000 00:00 0 
7fa0d5f0f000-7fa0d600d000 rw-p 00000000 00:00 0                          [stack:10396]
7fa0d600d000-7fa0d6011000 r-xp 00000000 08:01 3153737                    /usr/lib/jvm/java-8-oracle/jre/lib/amd64/libdt_socket.so
7fa0d6011000-7fa0d6210000 ---p 00004000 08:01 3153737                    /usr/lib/jvm/java-8-oracle/jre/lib/amd64/libdt_socket.so
7fa0d6210000-7fa0d6211000 rw-p 00003000 08:01 3153737                    /usr/lib/jvm/java-8-oracle/jre/lib/amd64/libdt_socket.so
7fa0d6211000-7fa0d6214000 ---p 00000000 00:00 0 
7fa0d6214000-7fa0d6312000 rw-p 00000000 00:00 0                          [stack:10392]
7fa0d6312000-7fa0d6315000 ---p 00000000 00:00 0 
7fa0d6315000-7fa0d6413000 rw-p 00000000 00:00 0                          [stack:10389]
7fa0d6413000-7fa0d6416000 ---p 00000000 00:00 0 
7fa0d6416000-7fa0d6514000 rw-p 00000000 00:00 0                          [stack:10388]
7fa0d6514000-7fa0d6515000 ---p 00000000 00:00 0 
7fa0d6515000-7fa0d9000000 rw-p 00000000 00:00 0                          [stack:10387]
7fa0d9000000-7fa0d9270000 rwxp 00000000 00:00 0 
7fa0d9270000-7fa0e8000000 ---p 00000000 00:00 0 
7fa0e8000000-7fa0e8118000 rw-p 00000000 00:00 0 
7fa0e8118000-7fa0ec000000 ---p 00000000 00:00 0 
7fa0ec047000-7fa0ec063000 r--s 00393000 08:01 3153607                    /usr/lib/jvm/java-8-oracle/jre/lib/ext/cldrdata.jar
7fa0ec063000-7fa0ec519000 rw-p 00000000 00:00 0 
7fa0ec519000-7fa0ec6ef000 r--s 03ca8000 08:01 3025655                    /usr/lib/jvm/java-8-oracle/jre/lib/rt.jar
7fa0ec6ef000-7fa0ecba5000 rw-p 00000000 00:00 0 
7fa0ecba5000-7fa0ecf65000 ---p 00000000 00:00 0 
7fa0ecf65000-7fa0ed153000 rw-p 00000000 00:00 0 
7fa0ed153000-7fa0ed154000 ---p 00000000 00:00 0 
7fa0ed154000-7fa0ed254000 rw-p 00000000 00:00 0                          [stack:10386]
7fa0ed254000-7fa0ed255000 ---p 00000000 00:00 0 
7fa0ed255000-7fa0ed355000 rw-p 00000000 00:00 0                          [stack:10385]
7fa0ed355000-7fa0ed356000 ---p 00000000 00:00 0 
7fa0ed356000-7fa0ed456000 rw-p 00000000 00:00 0                          [stack:10384]
7fa0ed456000-7fa0ed457000 ---p 00000000 00:00 0 
7fa0ed457000-7fa0ed56c000 rw-p 00000000 00:00 0                          [stack:10383]
7fa0ed56c000-7fa0ed6a1000 ---p 00000000 00:00 0 
7fa0ed6a1000-7fa0ed6b6000 rw-p 00000000 00:00 0 
7fa0ed6b6000-7fa0ed7ea000 ---p 00000000 00:00 0 
7fa0ed7ea000-7fa0ed7f5000 rw-p 00000000 00:00 0 
7fa0ed7f5000-7fa0ed88f000 ---p 00000000 00:00 0 
7fa0ed88f000-7fa0ed89a000 rw-p 00000000 00:00 0 
7fa0ed89a000-7fa0edc50000 ---p 00000000 00:00 0 
7fa0edc50000-7fa0edc6a000 r-xp 00000000 08:01 3153728                    /usr/lib/jvm/java-8-oracle/jre/lib/amd64/libzip.so
7fa0edc6a000-7fa0ede6a000 ---p 0001a000 08:01 3153728                    /usr/lib/jvm/java-8-oracle/jre/lib/amd64/libzip.so
7fa0ede6a000-7fa0ede6b000 rw-p 0001a000 08:01 3153728                    /usr/lib/jvm/java-8-oracle/jre/lib/amd64/libzip.so
7fa0ede6b000-7fa0ede76000 r-xp 00000000 08:01 4457455                    /lib/x86_64-linux-gnu/libnss_files-2.19.so
7fa0ede76000-7fa0ee075000 ---p 0000b000 08:01 4457455                    /lib/x86_64-linux-gnu/libnss_files-2.19.so
7fa0ee075000-7fa0ee076000 r--p 0000a000 08:01 4457455                    /lib/x86_64-linux-gnu/libnss_files-2.19.so
7fa0ee076000-7fa0ee077000 rw-p 0000b000 08:01 4457455                    /lib/x86_64-linux-gnu/libnss_files-2.19.so
7fa0ee077000-7fa0ee082000 r-xp 00000000 08:01 4457457                    /lib/x86_64-linux-gnu/libnss_nis-2.19.so
7fa0ee082000-7fa0ee281000 ---p 0000b000 08:01 4457457                    /lib/x86_64-linux-gnu/libnss_nis-2.19.so
7fa0ee281000-7fa0ee282000 r--p 0000a000 08:01 4457457                    /lib/x86_64-linux-gnu/libnss_nis-2.19.so
7fa0ee282000-7fa0ee283000 rw-p 0000b000 08:01 4457457                    /lib/x86_64-linux-gnu/libnss_nis-2.19.so
7fa0ee283000-7fa0ee29a000 r-xp 00000000 08:01 4456545                    /lib/x86_64-linux-gnu/libnsl-2.19.so
7fa0ee29a000-7fa0ee499000 ---p 00017000 08:01 4456545                    /lib/x86_64-linux-gnu/libnsl-2.19.so
7fa0ee499000-7fa0ee49a000 r--p 00016000 08:01 4456545                    /lib/x86_64-linux-gnu/libnsl-2.19.so
7fa0ee49a000-7fa0ee49b000 rw-p 00017000 08:01 4456545                    /lib/x86_64-linux-gnu/libnsl-2.19.so
7fa0ee49b000-7fa0ee49d000 rw-p 00000000 00:00 0 
7fa0ee49d000-7fa0ee4a6000 r-xp 00000000 08:01 4456538                    /lib/x86_64-linux-gnu/libnss_compat-2.19.so
7fa0ee4a6000-7fa0ee6a5000 ---p 00009000 08:01 4456538                    /lib/x86_64-linux-gnu/libnss_compat-2.19.so
7fa0ee6a5000-7fa0ee6a6000 r--p 00008000 08:01 4456538                    /lib/x86_64-linux-gnu/libnss_compat-2.19.so
7fa0ee6a6000-7fa0ee6a7000 rw-p 00009000 08:01 4456538                    /lib/x86_64-linux-gnu/libnss_compat-2.19.so
7fa0ee6a7000-7fa0eed89000 r--p 00000000 08:01 2891138                    /usr/lib/locale/locale-archive
7fa0eed89000-7fa0eed8b000 r-xp 00000000 08:01 3153718                    /usr/lib/jvm/java-8-oracle/jre/lib/amd64/libnpt.so
7fa0eed8b000-7fa0eef8b000 ---p 00002000 08:01 3153718                    /usr/lib/jvm/java-8-oracle/jre/lib/amd64/libnpt.so
7fa0eef8b000-7fa0eef8c000 rw-p 00002000 08:01 3153718                    /usr/lib/jvm/java-8-oracle/jre/lib/amd64/libnpt.so
7fa0eef8c000-7fa0eefc5000 r-xp 00000000 08:01 3153717                    /usr/lib/jvm/java-8-oracle/jre/lib/amd64/libjdwp.so
7fa0eefc5000-7fa0ef1c4000 ---p 00039000 08:01 3153717                    /usr/lib/jvm/java-8-oracle/jre/lib/amd64/libjdwp.so
7fa0ef1c4000-7fa0ef1c6000 rw-p 00038000 08:01 3153717                    /usr/lib/jvm/java-8-oracle/jre/lib/amd64/libjdwp.so
7fa0ef1c6000-7fa0ef1f0000 r-xp 00000000 08:01 3153706                    /usr/lib/jvm/java-8-oracle/jre/lib/amd64/libjava.so
7fa0ef1f0000-7fa0ef3f0000 ---p 0002a000 08:01 3153706                    /usr/lib/jvm/java-8-oracle/jre/lib/amd64/libjava.so
7fa0ef3f0000-7fa0ef3f2000 rw-p 0002a000 08:01 3153706                    /usr/lib/jvm/java-8-oracle/jre/lib/amd64/libjava.so
7fa0ef3f2000-7fa0ef3ff000 r-xp 00000000 08:01 3153735                    /usr/lib/jvm/java-8-oracle/jre/lib/amd64/libverify.so
7fa0ef3ff000-7fa0ef5ff000 ---p 0000d000 08:01 3153735                    /usr/lib/jvm/java-8-oracle/jre/lib/amd64/libverify.so
7fa0ef5ff000-7fa0ef601000 rw-p 0000d000 08:01 3153735                    /usr/lib/jvm/java-8-oracle/jre/lib/amd64/libverify.so
7fa0ef601000-7fa0ef608000 r-xp 00000000 08:01 4456547                    /lib/x86_64-linux-gnu/librt-2.19.so
7fa0ef608000-7fa0ef807000 ---p 00007000 08:01 4456547                    /lib/x86_64-linux-gnu/librt-2.19.so
7fa0ef807000-7fa0ef808000 r--p 00006000 08:01 4456547                    /lib/x86_64-linux-gnu/librt-2.19.so
7fa0ef808000-7fa0ef809000 rw-p 00007000 08:01 4456547                    /lib/x86_64-linux-gnu/librt-2.19.so
7fa0ef809000-7fa0ef90e000 r-xp 00000000 08:01 4457450                    /lib/x86_64-linux-gnu/libm-2.19.so
7fa0ef90e000-7fa0efb0d000 ---p 00105000 08:01 4457450                    /lib/x86_64-linux-gnu/libm-2.19.so
7fa0efb0d000-7fa0efb0e000 r--p 00104000 08:01 4457450                    /lib/x86_64-linux-gnu/libm-2.19.so
7fa0efb0e000-7fa0efb0f000 rw-p 00105000 08:01 4457450                    /lib/x86_64-linux-gnu/libm-2.19.so
7fa0efb0f000-7fa0f0779000 r-xp 00000000 08:01 3153730                    /usr/lib/jvm/java-8-oracle/jre/lib/amd64/server/libjvm.so
7fa0f0779000-7fa0f0978000 ---p 00c6a000 08:01 3153730                    /usr/lib/jvm/java-8-oracle/jre/lib/amd64/server/libjvm.so
7fa0f0978000-7fa0f0a4f000 rw-p 00c69000 08:01 3153730                    /usr/lib/jvm/java-8-oracle/jre/lib/amd64/server/libjvm.so
7fa0f0a4f000-7fa0f0a91000 rw-p 00000000 00:00 0 
7fa0f0a91000-7fa0f0c4c000 r-xp 00000000 08:01 4456551                    /lib/x86_64-linux-gnu/libc-2.19.so
7fa0f0c4c000-7fa0f0e4c000 ---p 001bb000 08:01 4456551                    /lib/x86_64-linux-gnu/libc-2.19.so
7fa0f0e4c000-7fa0f0e50000 r--p 001bb000 08:01 4456551                    /lib/x86_64-linux-gnu/libc-2.19.so
7fa0f0e50000-7fa0f0e52000 rw-p 001bf000 08:01 4456551                    /lib/x86_64-linux-gnu/libc-2.19.so
7fa0f0e52000-7fa0f0e57000 rw-p 00000000 00:00 0 
7fa0f0e57000-7fa0f0e5a000 r-xp 00000000 08:01 4460468                    /lib/x86_64-linux-gnu/libdl-2.19.so
7fa0f0e5a000-7fa0f1059000 ---p 00003000 08:01 4460468                    /lib/x86_64-linux-gnu/libdl-2.19.so
7fa0f1059000-7fa0f105a000 r--p 00002000 08:01 4460468                    /lib/x86_64-linux-gnu/libdl-2.19.so
7fa0f105a000-7fa0f105b000 rw-p 00003000 08:01 4460468                    /lib/x86_64-linux-gnu/libdl-2.19.so
7fa0f105b000-7fa0f1070000 r-xp 00000000 08:01 3025378                    /usr/lib/jvm/java-8-oracle/lib/amd64/jli/libjli.so
7fa0f1070000-7fa0f126f000 ---p 00015000 08:01 3025378                    /usr/lib/jvm/java-8-oracle/lib/amd64/jli/libjli.so
7fa0f126f000-7fa0f1270000 rw-p 00014000 08:01 3025378                    /usr/lib/jvm/java-8-oracle/lib/amd64/jli/libjli.so
7fa0f1270000-7fa0f1289000 r-xp 00000000 08:01 4460513                    /lib/x86_64-linux-gnu/libpthread-2.19.so
7fa0f1289000-7fa0f1488000 ---p 00019000 08:01 4460513                    /lib/x86_64-linux-gnu/libpthread-2.19.so
7fa0f1488000-7fa0f1489000 r--p 00018000 08:01 4460513                    /lib/x86_64-linux-gnu/libpthread-2.19.so
7fa0f1489000-7fa0f148a000 rw-p 00019000 08:01 4460513                    /lib/x86_64-linux-gnu/libpthread-2.19.so
7fa0f148a000-7fa0f148e000 rw-p 00000000 00:00 0 
7fa0f148e000-7fa0f14b1000 r-xp 00000000 08:01 4456552                    /lib/x86_64-linux-gnu/ld-2.19.so
7fa0f14b9000-7fa0f1595000 rw-p 00000000 00:00 0 
7fa0f1595000-7fa0f1598000 ---p 00000000 00:00 0 
7fa0f1598000-7fa0f169a000 rw-p 00000000 00:00 0                          [stack:10382]
7fa0f169a000-7fa0f16a4000 r--s 00116000 08:01 3151937                    /usr/lib/jvm/java-8-oracle/jre/lib/ext/localedata.jar
7fa0f16a4000-7fa0f16ac000 rw-s 00000000 08:01 1441876                    /tmp/hsperfdata_dimitar/10375
7fa0f16ac000-7fa0f16ad000 rw-p 00000000 00:00 0 
7fa0f16ad000-7fa0f16ae000 r--p 00000000 00:00 0 
7fa0f16ae000-7fa0f16b0000 rw-p 00000000 00:00 0 
7fa0f16b0000-7fa0f16b1000 r--p 00022000 08:01 4456552                    /lib/x86_64-linux-gnu/ld-2.19.so
7fa0f16b1000-7fa0f16b2000 rw-p 00023000 08:01 4456552                    /lib/x86_64-linux-gnu/ld-2.19.so
7fa0f16b2000-7fa0f16b3000 rw-p 00000000 00:00 0 
7fff0e640000-7fff0e661000 rw-p 00000000 00:00 0                          [stack]
7fff0e6b1000-7fff0e6b3000 r-xp 00000000 00:00 0                          [vdso]
ffffffffff600000-ffffffffff601000 r-xp 00000000 00:00 0                  [vsyscall]

VM Arguments:
jvm_args: -agentlib:jdwp=transport=dt_socket,suspend=y,address=localhost:52250 -Dfile.encoding=UTF-8 
java_command: Prob_07_DaysBetweenTwoDates
java_class_path (initial): /home/dimitar/workspace/Homework03-Loops-Methods-Classes/bin
Launcher Type: SUN_STANDARD

Environment Variables:
PATH=/usr/local/sbin:/usr/local/bin:/usr/sbin:/usr/bin:/sbin:/bin:/usr/games:/usr/local/games
SHELL=/bin/bash
DISPLAY=:0.0

Signal Handlers:
SIGSEGV: [libjvm.so+0xa77530], sa_mask[0]=11111111011111111101111111111110, sa_flags=SA_RESTART|SA_SIGINFO
SIGBUS: [libjvm.so+0xa77530], sa_mask[0]=11111111011111111101111111111110, sa_flags=SA_RESTART|SA_SIGINFO
SIGFPE: [libjvm.so+0x8e1d90], sa_mask[0]=11111111011111111101111111111110, sa_flags=SA_RESTART|SA_SIGINFO
SIGPIPE: [libjvm.so+0x8e1d90], sa_mask[0]=11111111011111111101111111111110, sa_flags=SA_RESTART|SA_SIGINFO
SIGXFSZ: [libjvm.so+0x8e1d90], sa_mask[0]=11111111011111111101111111111110, sa_flags=SA_RESTART|SA_SIGINFO
SIGILL: [libjvm.so+0x8e1d90], sa_mask[0]=11111111011111111101111111111110, sa_flags=SA_RESTART|SA_SIGINFO
SIGUSR1: SIG_DFL, sa_mask[0]=00000000000000000000000000000000, sa_flags=none
SIGUSR2: [libjvm.so+0x8e35c0], sa_mask[0]=00100000000000000000000000000000, sa_flags=SA_RESTART|SA_SIGINFO
SIGHUP: [libjvm.so+0x8e4980], sa_mask[0]=11111111011111111101111111111110, sa_flags=SA_RESTART|SA_SIGINFO
SIGINT: [libjvm.so+0x8e4980], sa_mask[0]=11111111011111111101111111111110, sa_flags=SA_RESTART|SA_SIGINFO
SIGTERM: [libjvm.so+0x8e4980], sa_mask[0]=11111111011111111101111111111110, sa_flags=SA_RESTART|SA_SIGINFO
SIGQUIT: [libjvm.so+0x8e4980], sa_mask[0]=11111111011111111101111111111110, sa_flags=SA_RESTART|SA_SIGINFO


---------------  S Y S T E M  ---------------

OS:DISTRIB_ID=Ubuntu
DISTRIB_RELEASE=14.04
DISTRIB_CODENAME=trusty
DISTRIB_DESCRIPTION="Ubuntu 14.04.1 LTS"

uname:Linux 3.13.0-35-generic #62-Ubuntu SMP Fri Aug 15 01:58:42 UTC 2014 x86_64
libc:glibc 2.19 NPTL 2.19 
rlimit: STACK 8192k, CORE 0k, NPROC 31401, NOFILE 4096, AS infinity
load average:0.07 0.21 0.22

/proc/meminfo:
MemTotal:        4040988 kB
MemFree:          611344 kB
Buffers:          136560 kB
Cached:          1028648 kB
SwapCached:            0 kB
Active:          2576160 kB
Inactive:         615336 kB
Active(anon):    2027644 kB
Inactive(anon):    13624 kB
Active(file):     548516 kB
Inactive(file):   601712 kB
Unevictable:          32 kB
Mlocked:              32 kB
SwapTotal:       4191228 kB
SwapFree:        4191228 kB
Dirty:               248 kB
Writeback:             0 kB
AnonPages:       2026328 kB
Mapped:           221228 kB
Shmem:             14980 kB
Slab:             125728 kB
SReclaimable:      86344 kB
SUnreclaim:        39384 kB
KernelStack:        7688 kB
PageTables:        33936 kB
NFS_Unstable:          0 kB
Bounce:                0 kB
WritebackTmp:          0 kB
CommitLimit:     6211720 kB
Committed_AS:    6172580 kB
VmallocTotal:   34359738367 kB
VmallocUsed:      168292 kB
VmallocChunk:   34359491240 kB
HardwareCorrupted:     0 kB
AnonHugePages:   1087488 kB
HugePages_Total:       0
HugePages_Free:        0
HugePages_Rsvd:        0
HugePages_Surp:        0
Hugepagesize:       2048 kB
DirectMap4k:       57216 kB
DirectMap2M:     4136960 kB


CPU:total 4 (1 cores per cpu, 1 threads per core) family 6 model 58 stepping 9, cmov, cx8, fxsr, mmx, sse, sse2, sse3, ssse3, sse4.1, sse4.2, popcnt, avx, aes, clmul, erms, tsc, tscinvbit, tscinv

/proc/cpuinfo:
processor	: 0
vendor_id	: GenuineIntel
cpu family	: 6
model		: 58
model name	: Intel(R) Core(TM) i7-3770 CPU @ 3.40GHz
stepping	: 9
microcode	: 0x12
cpu MHz		: 3400.020
cache size	: 8192 KB
physical id	: 0
siblings	: 1
core id		: 0
cpu cores	: 1
apicid		: 0
initial apicid	: 0
fpu		: yes
fpu_exception	: yes
cpuid level	: 13
wp		: yes
flags		: fpu vme de pse tsc msr pae mce cx8 apic sep mtrr pge mca cmov pat pse36 clflush dts mmx fxsr sse sse2 ss syscall nx rdtscp lm constant_tsc arch_perfmon pebs bts nopl xtopology tsc_reliable nonstop_tsc aperfmperf eagerfpu pni pclmulqdq ssse3 cx16 pcid sse4_1 sse4_2 x2apic popcnt aes xsave avx f16c rdrand hypervisor lahf_lm ida arat epb xsaveopt pln pts dtherm fsgsbase smep
bogomips	: 6800.04
clflush size	: 64
cache_alignment	: 64
address sizes	: 40 bits physical, 48 bits virtual
power management:

processor	: 1
vendor_id	: GenuineIntel
cpu family	: 6
model		: 58
model name	: Intel(R) Core(TM) i7-3770 CPU @ 3.40GHz
stepping	: 9
microcode	: 0x12
cpu MHz		: 3400.020
cache size	: 8192 KB
physical id	: 2
siblings	: 1
core id		: 0
cpu cores	: 1
apicid		: 2
initial apicid	: 2
fpu		: yes
fpu_exception	: yes
cpuid level	: 13
wp		: yes
flags		: fpu vme de pse tsc msr pae mce cx8 apic sep mtrr pge mca cmov pat pse36 clflush dts mmx fxsr sse sse2 ss syscall nx rdtscp lm constant_tsc arch_perfmon pebs bts nopl xtopology tsc_reliable nonstop_tsc aperfmperf eagerfpu pni pclmulqdq ssse3 cx16 pcid sse4_1 sse4_2 x2apic popcnt aes xsave avx f16c rdrand hypervisor lahf_lm ida arat epb xsaveopt pln pts dtherm fsgsbase smep
bogomips	: 6800.04
clflush size	: 64
cache_alignment	: 64
address sizes	: 40 bits physical, 48 bits virtual
power management:

processor	: 2
vendor_id	: GenuineIntel
cpu family	: 6
model		: 58
model name	: Intel(R) Core(TM) i7-3770 CPU @ 3.40GHz
stepping	: 9
microcode	: 0x12
cpu MHz		: 3400.020
cache size	: 8192 KB
physical id	: 4
siblings	: 1
core id		: 0
cpu cores	: 1
apicid		: 4
initial apicid	: 4
fpu		: yes
fpu_exception	: yes
cpuid level	: 13
wp		: yes
flags		: fpu vme de pse tsc msr pae mce cx8 apic sep mtrr pge mca cmov pat pse36 clflush dts mmx fxsr sse sse2 ss syscall nx rdtscp lm constant_tsc arch_perfmon pebs bts nopl xtopology tsc_reliable nonstop_tsc aperfmperf eagerfpu pni pclmulqdq ssse3 cx16 pcid sse4_1 sse4_2 x2apic popcnt aes xsave avx f16c rdrand hypervisor lahf_lm ida arat epb xsaveopt pln pts dtherm fsgsbase smep
bogomips	: 6800.04
clflush size	: 64
cache_alignment	: 64
address sizes	: 40 bits physical, 48 bits virtual
power management:

processor	: 3
vendor_id	: GenuineIntel
cpu family	: 6
model		: 58
model name	: Intel(R) Core(TM) i7-3770 CPU @ 3.40GHz
stepping	: 9
microcode	: 0x12
cpu MHz		: 3400.020
cache size	: 8192 KB
physical id	: 6
siblings	: 1
core id		: 0
cpu cores	: 1
apicid		: 6
initial apicid	: 6
fpu		: yes
fpu_exception	: yes
cpuid level	: 13
wp		: yes
flags		: fpu vme de pse tsc msr pae mce cx8 apic sep mtrr pge mca cmov pat pse36 clflush dts mmx fxsr sse sse2 ss syscall nx rdtscp lm constant_tsc arch_perfmon pebs bts nopl xtopology tsc_reliable nonstop_tsc aperfmperf eagerfpu pni pclmulqdq ssse3 cx16 pcid sse4_1 sse4_2 x2apic popcnt aes xsave avx f16c rdrand hypervisor lahf_lm ida arat epb xsaveopt pln pts dtherm fsgsbase smep
bogomips	: 6800.04
clflush size	: 64
cache_alignment	: 64
address sizes	: 40 bits physical, 48 bits virtual
power management:



Memory: 4k page, physical 4040988k(611360k free), swap 4191228k(4191228k free)

vm_info: Java HotSpot(TM) 64-Bit Server VM (25.20-b23) for linux-amd64 JRE (1.8.0_20-b26), built on Jul 30 2014 13:13:52 by "java_re" with gcc 4.3.0 20080428 (Red Hat 4.3.0-8)

time: Tue Sep 16 02:10:33 2014
elapsed time: 2600 seconds (0d 0h 43m 20s)

